<?xml version="1.0" encoding="UTF-8"?>
<!-- Generated by org.testng.reporters.JUnitReportReporter -->
<testsuite hostname="LAPTOP-02J3V1KL" failures="0" tests="3" name="com.demowebshop.testscript.LoginTest" time="29.675" errors="0" timestamp="2023-06-22T07:57:31 IST" skipped="0">
  <testcase classname="com.demowebshop.testscript.LoginTest" name="TC_002_verifyInvalidLoginErrorMessage" time="9.496"/>
  <system-out/>
  <testcase classname="com.demowebshop.testscript.LoginTest" name="TC_002_verifyInvalidLoginErrorMessage" time="10.288"/>
  <system-out/>
  <testcase classname="com.demowebshop.testscript.LoginTest" name="TC_002_verifyInvalidLoginErrorMessage" time="9.891"/>
  <system-out/>
</testsuite> <!-- com.demowebshop.testscript.LoginTest -->
