<?xml version="1.0" encoding="UTF-8"?>
<!-- Generated by org.testng.reporters.JUnitReportReporter -->
<testsuite hostname="LAPTOP-02J3V1KL" failures="0" tests="3" name="com.demowebshop.testscript.LoginTest" time="16.674" errors="0" timestamp="2023-06-23T07:16:25 IST" skipped="0">
  <testcase classname="com.demowebshop.testscript.LoginTest" name="TC_002_verifyInvalidLoginErrorMessage" time="5.724"/>
  <system-out/>
  <testcase classname="com.demowebshop.testscript.LoginTest" name="TC_002_verifyInvalidLoginErrorMessage" time="5.277"/>
  <system-out/>
  <testcase classname="com.demowebshop.testscript.LoginTest" name="TC_002_verifyInvalidLoginErrorMessage" time="5.673"/>
  <system-out/>
</testsuite> <!-- com.demowebshop.testscript.LoginTest -->
