<?xml version="1.0" encoding="UTF-8"?>
<!-- Generated by org.testng.reporters.JUnitReportReporter -->
<testsuite hostname="LAPTOP-02J3V1KL" failures="0" tests="1" name="com.demowebshop.testscript.HomeTest" time="26.998" errors="0" timestamp="2023-06-23T07:32:22 IST" skipped="0">
  <testcase classname="com.demowebshop.testscript.HomeTest" name="TC_001_verifySubscribeEmailMessage" time="26.998"/>
  <system-out/>
</testsuite> <!-- com.demowebshop.testscript.HomeTest -->
